<?xml version="1.0" encoding="UTF-8"?>
<!-- Generated by org.testng.reporters.JUnitReportReporter -->
<testsuite hostname="LAPTOP-93S7PU00" failures="0" tests="7" name="com.Test_Cases.Test_Search_Flights" time="355.652" errors="0" timestamp="2022-01-07T15:54:42 IST" skipped="2">
  <testcase classname="com.Test_Cases.Test_Search_Flights" name="searchFlights" time="95.162"/>
  <system-out/>
  <testcase classname="com.Test_Cases.Test_Search_Flights" name="LoginTest" time="53.339"/>
  <system-out/>
  <testcase classname="com.Test_Cases.Test_Search_Flights" name="m_flights_page" time="57.170"/>
  <system-out/>
  <testcase classname="com.Test_Cases.Test_Search_Flights" name="v_booking_cred" time="96.740"/>
  <system-out/>
  <testcase classname="com.Test_Cases.Test_Search_Flights" name="phLogin" time="53.241"/>
  <system-out/>
  <testcase classname="com.Test_Cases.Test_Search_Flights" name="invalid_Pwd">
    <skipped/>
  </testcase> <!-- invalid_Pwd -->
  <system-out/>
  <testcase classname="com.Test_Cases.Test_Search_Flights" name="travellerserror">
    <skipped/>
  </testcase> <!-- travellerserror -->
  <system-out/>
</testsuite> <!-- com.Test_Cases.Test_Search_Flights -->
